<?xml version="1.0" encoding="UTF-8"?>
<!-- Generated by org.testng.reporters.JUnitReportReporter -->
<testsuite hostname="DESKTOP-UHFDCLI" name="com.mySeleniumFrameWork.testCases.TC_2" tests="6" failures="0" timestamp="29 Oct 2017 13:13:14 GMT" time="149.288" errors="0">
  <testcase name="testcase6" time="22.270" classname="com.mySeleniumFrameWork.testCases.TC_2"/>
  <testcase name="testcase5" time="22.882" classname="com.mySeleniumFrameWork.testCases.TC_2"/>
  <testcase name="testcase4" time="29.304" classname="com.mySeleniumFrameWork.testCases.TC_2"/>
  <testcase name="testcase1" time="20.433" classname="com.mySeleniumFrameWork.testCases.TC_2"/>
  <testcase name="testcase7" time="27.297" classname="com.mySeleniumFrameWork.testCases.TC_2"/>
  <testcase name="testcase3" time="27.102" classname="com.mySeleniumFrameWork.testCases.TC_2"/>
</testsuite> <!-- com.mySeleniumFrameWork.testCases.TC_2 -->
