<?xml version="1.0" encoding="UTF-8"?>
<!-- Generated by org.testng.reporters.JUnitReportReporter -->
<testsuite hostname="DESKTOP-UHFDCLI" name="com.mySeleniumFrameWork.testCases.TC_1" tests="6" failures="0" timestamp="29 Oct 2017 13:13:14 GMT" time="147.525" errors="0">
  <testcase name="testCase1" time="21.459" classname="com.mySeleniumFrameWork.testCases.TC_1"/>
  <testcase name="testCase12" time="30.163" classname="com.mySeleniumFrameWork.testCases.TC_1"/>
  <testcase name="testCase2" time="22.464" classname="com.mySeleniumFrameWork.testCases.TC_1"/>
  <testcase name="testCase10" time="22.965" classname="com.mySeleniumFrameWork.testCases.TC_1"/>
  <testcase name="testCase11" time="28.876" classname="com.mySeleniumFrameWork.testCases.TC_1"/>
  <testcase name="testCase20" time="21.598" classname="com.mySeleniumFrameWork.testCases.TC_1"/>
</testsuite> <!-- com.mySeleniumFrameWork.testCases.TC_1 -->
