<?xml version="1.0" encoding="UTF-8"?>
<!-- Generated by org.testng.reporters.JUnitReportReporter -->
<testsuite hostname="DESKTOP-UHFDCLI" name="com.mySeleniumFrameWork.testCases.MakeMyTripFlight" tests="1" failures="0" timestamp="29 Oct 2017 11:55:52 GMT" time="9.573" errors="0">
  <testcase name="setFlight" time="9.573" classname="com.mySeleniumFrameWork.testCases.MakeMyTripFlight"/>
</testsuite> <!-- com.mySeleniumFrameWork.testCases.MakeMyTripFlight -->
